#
# There is insufficient memory for the Java Runtime Environment to continue.
# Native memory allocation (mmap) failed to map 260046848 bytes. Error detail: G1 virtual space
# Possible reasons:
#   The system is out of physical RAM or swap space
#   This process is running with CompressedOops enabled, and the Java Heap may be blocking the growth of the native heap
# Possible solutions:
#   Reduce memory load on the system
#   Increase physical memory or swap space
#   Check if swap backing store is full
#   Decrease Java heap size (-Xmx/-Xms)
#   Decrease number of Java threads
#   Decrease Java thread stack sizes (-Xss)
#   Set larger code cache with -XX:ReservedCodeCacheSize=
#   JVM is running with Zero Based Compressed Oops mode in which the Java heap is
#     placed in the first 32GB address space. The Java Heap base address is the
#     maximum limit for the native heap growth. Please use -XX:HeapBaseMinAddress
#     to set the Java Heap base and to place the Java Heap above 32GB virtual address.
# This output file may be truncated or incomplete.
#
#  Out of Memory Error (os_windows.cpp:3703), pid=33032, tid=35144
#
# JRE version:  (23.0.1+11) (build )
# Java VM: Java HotSpot(TM) 64-Bit Server VM (23.0.1+11-39, mixed mode, sharing, tiered, compressed oops, compressed class ptrs, g1 gc, windows-amd64)
# No core dump will be written. Minidumps are not enabled by default on client versions of Windows
#

---------------  S U M M A R Y ------------

Command Line: -Dnet.bytebuddy.agent.attacher.dump= net.bytebuddy.agent.Attacher com.sun.tools.attach.VirtualMachine 28912 C:\Users\debar\.m2\repository\net\bytebuddy\byte-buddy-agent\1.17.6\byte-buddy-agent-1.17.6.jar false 

Host: AMD Ryzen 5 7530U with Radeon Graphics         , 12 cores, 15G,  Windows 11 , 64 bit Build 26100 (10.0.26100.4484)
Time: Wed Jul 23 11:49:23 2025 India Standard Time elapsed time: 0.022971 seconds (0d 0h 0m 0s)

---------------  T H R E A D  ---------------

Current thread (0x000001ee1d2e0d10):  JavaThread "Unknown thread" [_thread_in_vm, id=35144, stack(0x000000e661700000,0x000000e661800000) (1024K)]

Stack: [0x000000e661700000,0x000000e661800000]
Native frames: (J=compiled Java code, j=interpreted, Vv=VM code, C=native code)
V  [jvm.dll+0x6e08b9]  (no source info available)
V  [jvm.dll+0x87dc83]  (no source info available)
V  [jvm.dll+0x88010e]  (no source info available)
V  [jvm.dll+0x8807e3]  (no source info available)
V  [jvm.dll+0x27aee6]  (no source info available)
V  [jvm.dll+0x6dd1c5]  (no source info available)
V  [jvm.dll+0x6d104a]  (no source info available)
V  [jvm.dll+0x35b3ea]  (no source info available)
V  [jvm.dll+0x3637f6]  (no source info available)
V  [jvm.dll+0x34fd5e]  (no source info available)
V  [jvm.dll+0x34fff8]  (no source info available)
V  [jvm.dll+0x3289cc]  (no source info available)
V  [jvm.dll+0x32966e]  (no source info available)
V  [jvm.dll+0x844355]  (no source info available)
V  [jvm.dll+0x3b9848]  (no source info available)
V  [jvm.dll+0x82d14c]  (no source info available)
V  [jvm.dll+0x454d4e]  (no source info available)
V  [jvm.dll+0x456bd1]  (no source info available)
C  [jli.dll+0x52a3]  (no source info available)
C  [ucrtbase.dll+0x37b0]  (no source info available)
C  [KERNEL32.DLL+0x2e8d7]  (no source info available)
C  [ntdll.dll+0x3c34c]  (no source info available)

Lock stack of current Java thread (top to bottom):


---------------  P R O C E S S  ---------------

Threads class SMR info:
_java_thread_list=0x00007ffddfa13618, length=0, elements={
}

Java Threads: ( => current thread )
Total: 0

Other Threads:
  0x000001ee1f7adf50 WorkerThread "GC Thread#0"                     [id=33728, stack(0x000000e661800000,0x000000e661900000) (1024K)]
  0x000001ee1f7c2330 ConcurrentGCThread "G1 Main Marker"            [id=18756, stack(0x000000e661900000,0x000000e661a00000) (1024K)]
  0x000001ee1f7c3d60 WorkerThread "G1 Conc#0"                       [id=36484, stack(0x000000e661a00000,0x000000e661b00000) (1024K)]

[error occurred during error reporting (printing all threads), id 0xc0000005, EXCEPTION_ACCESS_VIOLATION (0xc0000005) at pc=0x00007ffddf15bfba]
VM state: not at safepoint (not fully initialized)

VM Mutex/Monitor currently owned by a thread:  ([mutex/lock_event])
[0x00007ffddfa93a10] Heap_lock - owner thread: 0x000001ee1d2e0d10

Heap address: 0x0000000709e00000, size: 3938 MB, Compressed Oops mode: Zero based, Oop shift amount: 3

CDS archive(s) mapped at: [0x0000000000000000-0x0000000000000000-0x0000000000000000), size 0, SharedBaseAddress: 0x0000000800000000, ArchiveRelocationMode: 1.
Narrow klass base: 0x0000000000000000, Narrow klass shift: 0, Narrow klass range: 0x0

GC Precious Log:
 CardTable entry size: 512
 Card Set container configuration: InlinePtr #cards 4 size 8 Array Of Cards #cards 16 size 48 Howl #buckets 8 coarsen threshold 3686 Howl Bitmap #cards 512 size 80 coarsen threshold 460 Card regions per heap region 1 cards per card region 4096

Heap:
 garbage-first heap   total reserved 4032512K, committed 0K, used 0K [0x0000000709e00000, 0x0000000800000000)
  region size 2048K, 0 young (0K), 0 survivors (0K)

[error occurred during error reporting (printing heap information), id 0xc0000005, EXCEPTION_ACCESS_VIOLATION (0xc0000005) at pc=0x00007ffddf55c3c9]
GC Heap History (0 events):
No events

Dll operation events (1 events):
Event: 0.016 Loaded shared library C:\Program Files\Java\jdk-23\bin\java.dll

Deoptimization events (0 events):
No events

Classes loaded (0 events):
No events

Classes unloaded (0 events):
No events

Classes redefined (0 events):
No events

Internal exceptions (0 events):
No events

VM Operations (0 events):
No events

Memory protections (0 events):
No events

Nmethod flushes (0 events):
No events

Events (0 events):
No events


Dynamic libraries:
0x00007ff6dd2a0000 - 0x00007ff6dd2b0000 	C:\Program Files\Java\jdk-23\bin\java.exe
0x00007ffe4c080000 - 0x00007ffe4c2e8000 	C:\WINDOWS\SYSTEM32\ntdll.dll
0x00007ffe4a6d0000 - 0x00007ffe4a799000 	C:\WINDOWS\System32\KERNEL32.DLL
0x00007ffe499a0000 - 0x00007ffe49d8d000 	C:\WINDOWS\System32\KERNELBASE.dll
0x00007ffe491d0000 - 0x00007ffe4931b000 	C:\WINDOWS\System32\ucrtbase.dll
0x00007ffe44000000 - 0x00007ffe4401b000 	C:\Program Files\Java\jdk-23\bin\VCRUNTIME140.dll
0x00007ffe45dc0000 - 0x00007ffe45dd7000 	C:\Program Files\Java\jdk-23\bin\jli.dll
0x00007ffe49ea0000 - 0x00007ffe4a06c000 	C:\WINDOWS\System32\USER32.dll
0x00007ffe33bb0000 - 0x00007ffe33e4a000 	C:\WINDOWS\WinSxS\amd64_microsoft.windows.common-controls_6595b64144ccf1df_6.0.26100.4484_none_3e0e6d4ce32ef3b3\COMCTL32.dll
0x00007ffe49550000 - 0x00007ffe49577000 	C:\WINDOWS\System32\win32u.dll
0x00007ffe4b450000 - 0x00007ffe4b47b000 	C:\WINDOWS\System32\GDI32.dll
0x00007ffe4bdf0000 - 0x00007ffe4be99000 	C:\WINDOWS\System32\msvcrt.dll
0x00007ffe49700000 - 0x00007ffe49837000 	C:\WINDOWS\System32\gdi32full.dll
0x00007ffe494a0000 - 0x00007ffe49543000 	C:\WINDOWS\System32\msvcp_win.dll
0x00007ffe4bf80000 - 0x00007ffe4bfaf000 	C:\WINDOWS\System32\IMM32.DLL
0x00007ffe42d90000 - 0x00007ffe42d9c000 	C:\Program Files\Java\jdk-23\bin\vcruntime140_1.dll
0x00007ffe41c20000 - 0x00007ffe41cae000 	C:\Program Files\Java\jdk-23\bin\msvcp140.dll
0x00007ffddee20000 - 0x00007ffddfb6f000 	C:\Program Files\Java\jdk-23\bin\server\jvm.dll
0x00007ffe4bec0000 - 0x00007ffe4bf74000 	C:\WINDOWS\System32\ADVAPI32.dll
0x00007ffe4b1e0000 - 0x00007ffe4b286000 	C:\WINDOWS\System32\sechost.dll
0x00007ffe4b0c0000 - 0x00007ffe4b1d8000 	C:\WINDOWS\System32\RPCRT4.dll
0x00007ffe49e20000 - 0x00007ffe49e94000 	C:\WINDOWS\System32\WS2_32.dll
0x00007ffe49020000 - 0x00007ffe4907e000 	C:\WINDOWS\SYSTEM32\POWRPROF.dll
0x00007ffe40910000 - 0x00007ffe40945000 	C:\WINDOWS\SYSTEM32\WINMM.dll
0x00007ffe42020000 - 0x00007ffe4202b000 	C:\WINDOWS\SYSTEM32\VERSION.dll
0x00007ffe49000000 - 0x00007ffe49014000 	C:\WINDOWS\SYSTEM32\UMPDC.dll
0x00007ffe47f70000 - 0x00007ffe47f8b000 	C:\WINDOWS\SYSTEM32\kernel.appcore.dll
0x00007ffe42d80000 - 0x00007ffe42d8a000 	C:\Program Files\Java\jdk-23\bin\jimage.dll
0x00007ffe3af60000 - 0x00007ffe3b1a1000 	C:\WINDOWS\SYSTEM32\DBGHELP.DLL
0x00007ffe4a330000 - 0x00007ffe4a6b6000 	C:\WINDOWS\System32\combase.dll
0x00007ffe4af60000 - 0x00007ffe4b040000 	C:\WINDOWS\System32\OLEAUT32.dll
0x00007ffe333f0000 - 0x00007ffe33433000 	C:\WINDOWS\SYSTEM32\dbgcore.DLL
0x00007ffe49840000 - 0x00007ffe498d9000 	C:\WINDOWS\System32\bcryptPrimitives.dll
0x00007ffe41c00000 - 0x00007ffe41c1e000 	C:\Program Files\Java\jdk-23\bin\java.dll
0x00007ffe4bbd0000 - 0x00007ffe4bd6e000 	C:\WINDOWS\System32\ole32.dll
0x00007ffe4b480000 - 0x00007ffe4bbca000 	C:\WINDOWS\System32\SHELL32.dll
0x00007ffe49320000 - 0x00007ffe49494000 	C:\WINDOWS\System32\wintypes.dll

dbghelp: loaded successfully - version: 4.0.5 - missing functions: none
symbol engine: initialized successfully - sym options: 0x614 - pdb path: .;C:\Program Files\Java\jdk-23\bin;C:\WINDOWS\SYSTEM32;C:\WINDOWS\WinSxS\amd64_microsoft.windows.common-controls_6595b64144ccf1df_6.0.26100.4484_none_3e0e6d4ce32ef3b3;C:\Program Files\Java\jdk-23\bin\server

VM Arguments:
jvm_args: -Dnet.bytebuddy.agent.attacher.dump= 
java_command: net.bytebuddy.agent.Attacher com.sun.tools.attach.VirtualMachine 28912 C:\Users\debar\.m2\repository\net\bytebuddy\byte-buddy-agent\1.17.6\byte-buddy-agent-1.17.6.jar false 
java_class_path (initial): C:\Users\debar\.m2\repository\net\bytebuddy\byte-buddy-agent\1.17.6\byte-buddy-agent-1.17.6.jar
Launcher Type: SUN_STANDARD

[Global flags]
     intx CICompilerCount                          = 4                                         {product} {ergonomic}
     uint ConcGCThreads                            = 3                                         {product} {ergonomic}
     uint G1ConcRefinementThreads                  = 10                                        {product} {ergonomic}
   size_t G1HeapRegionSize                         = 2097152                                   {product} {ergonomic}
   size_t InitialHeapSize                          = 260046848                                 {product} {ergonomic}
   size_t MarkStackSize                            = 4194304                                   {product} {ergonomic}
   size_t MarkStackSizeMax                         = 536870912                                 {product} {ergonomic}
   size_t MaxHeapSize                              = 4129292288                                {product} {ergonomic}
   size_t MinHeapDeltaBytes                        = 2097152                                   {product} {ergonomic}
   size_t MinHeapSize                              = 8388608                                   {product} {ergonomic}
    uintx NonNMethodCodeHeapSize                   = 5832704                                {pd product} {ergonomic}
    uintx NonProfiledCodeHeapSize                  = 122945536                              {pd product} {ergonomic}
    uintx ProfiledCodeHeapSize                     = 122880000                              {pd product} {ergonomic}
    uintx ReservedCodeCacheSize                    = 251658240                              {pd product} {ergonomic}
     bool SegmentedCodeCache                       = true                                      {product} {ergonomic}
   size_t SoftMaxHeapSize                          = 4129292288                             {manageable} {ergonomic}
     bool UseCompressedOops                        = true                           {product lp64_product} {ergonomic}
     bool UseG1GC                                  = true                                      {product} {ergonomic}
     bool UseLargePagesIndividualAllocation        = false                                  {pd product} {ergonomic}

Logging:
Log output configuration:
 #0: stdout all=warning uptime,level,tags foldmultilines=false
 #1: stderr all=off uptime,level,tags foldmultilines=false

Environment Variables:
JAVA_HOME=C:\Program Files\Java\jdk-23
PATH=C:\Program Files\Common Files\Oracle\Java\javapath;C:\WINDOWS\system32;C:\WINDOWS;C:\WINDOWS\System32\Wbem;C:\WINDOWS\System32\WindowsPowerShell\v1.0\;C:\WINDOWS\System32\OpenSSH\;C:\Program Files\Git\cmd;C:\Program Files\Docker\Docker\resources\bin;C:\Program Files\apache-maven-3.9.9\bin;C:\Program Files\Java\jdk-23\bin;C:\Program Files\nodejs\;D:\ffmpeg-2025-05-26-git-43a69886b2-essentials_build\bin;C:\Program Files\dotnet\;C:\Users\debar\AppData\Local\Microsoft\WindowsApps;D:\All Apps\Microsoft VS Code\bin;C:\Program Files\MySQL\MySQL Server 8.0\bin;;C:\Program Files\JetBrains\IntelliJ IDEA 2024.3.3\bin;;C:\Users\debar\AppData\Local\Microsoft\WinGet\Packages\Schniz.fnm_Microsoft.Winget.Source_8wekyb3d8bbwe;C:\Users\debar\AppData\Roaming\npm;E:\PhpStorm 2024.2.6\bin;;C:\Users\debar\.dotnet\tools
USERNAME=debar
OS=Windows_NT
PROCESSOR_IDENTIFIER=AMD64 Family 25 Model 80 Stepping 0, AuthenticAMD
TMP=C:\Users\debar\AppData\Local\Temp
TEMP=C:\Users\debar\AppData\Local\Temp




Periodic native trim disabled

---------------  S Y S T E M  ---------------

OS:
 Windows 11 , 64 bit Build 26100 (10.0.26100.4484)
OS uptime: 0 days 19:31 hours
Hyper-V role detected

CPU: total 12 (initial active 12) (12 cores per cpu, 2 threads per core) family 25 model 80 stepping 0 microcode 0xa50000d, cx8, cmov, fxsr, ht, mmx, 3dnowpref, sse, sse2, sse3, ssse3, sse4a, sse4.1, sse4.2, popcnt, lzcnt, tsc, tscinvbit, avx, avx2, aes, erms, clmul, bmi1, bmi2, adx, sha, fma, vzeroupper, clflush, clflushopt, hv, rdtscp, rdpid, fsrm, f16c, cet_ss
Processor Information for processor 0
  Max Mhz: 2000, Current Mhz: 1808, Mhz Limit: 2000
Processor Information for processor 1
  Max Mhz: 2000, Current Mhz: 1808, Mhz Limit: 2000
Processor Information for processor 2
  Max Mhz: 2000, Current Mhz: 1808, Mhz Limit: 2000
Processor Information for processor 3
  Max Mhz: 2000, Current Mhz: 1808, Mhz Limit: 2000
Processor Information for processor 4
  Max Mhz: 2000, Current Mhz: 1808, Mhz Limit: 2000
Processor Information for processor 5
  Max Mhz: 2000, Current Mhz: 1808, Mhz Limit: 2000
Processor Information for processor 6
  Max Mhz: 2000, Current Mhz: 1808, Mhz Limit: 2000
Processor Information for processor 7
  Max Mhz: 2000, Current Mhz: 1808, Mhz Limit: 2000
Processor Information for processor 8
  Max Mhz: 2000, Current Mhz: 1808, Mhz Limit: 2000
Processor Information for processor 9
  Max Mhz: 2000, Current Mhz: 1808, Mhz Limit: 2000
Processor Information for processor 10
  Max Mhz: 2000, Current Mhz: 1808, Mhz Limit: 2000
Processor Information for processor 11
  Max Mhz: 2000, Current Mhz: 1890, Mhz Limit: 2000

Memory: 4k page, system-wide physical 15751M (812M free)
TotalPageFile size 45230M (AvailPageFile size 206M)
current process WorkingSet (physical memory assigned to process): 13M, peak: 13M
current process commit charge ("private bytes"): 65M, peak: 312M

vm_info: Java HotSpot(TM) 64-Bit Server VM (23.0.1+11-39) for windows-amd64 JRE (23.0.1+11-39), built on 2024-09-30T07:20:43Z with MS VC++ 17.6 (VS2022)

END.
